<?xml version="1.0" encoding="UTF-8"?>
<testng-results ignored="0" total="1" passed="1" failed="0" skipped="0">
  <reporter-output>
  </reporter-output>
  <suite started-at="2023-09-15T22:13:16 EDT" name="Default suite" finished-at="2023-09-15T22:13:20 EDT" duration-ms="3351">
    <groups>
    </groups>
    <test started-at="2023-09-15T22:13:16 EDT" name="Default test" finished-at="2023-09-15T22:13:20 EDT" duration-ms="3351">
      <class name="com.facebook.locators.DoubleXpath">
        <test-method is-config="true" signature="openFacebook()[pri:0, instance:com.facebook.locators.DoubleXpath@5fe94a96]" started-at="2023-09-15T22:13:16 EDT" name="openFacebook" finished-at="2023-09-15T22:13:20 EDT" duration-ms="3227" status="PASS">
          <reporter-output>
          </reporter-output>
        </test-method> <!-- openFacebook -->
        <test-method signature="andCondition()[pri:0, instance:com.facebook.locators.DoubleXpath@5fe94a96]" started-at="2023-09-15T22:13:20 EDT" name="andCondition" finished-at="2023-09-15T22:13:20 EDT" duration-ms="91" status="PASS">
          <reporter-output>
          </reporter-output>
        </test-method> <!-- andCondition -->
      </class> <!-- com.facebook.locators.DoubleXpath -->
    </test> <!-- Default test -->
  </suite> <!-- Default suite -->
</testng-results>
