<?xml version="1.0" encoding="UTF-8"?>
<testng-results ignored="0" total="1" passed="1" failed="0" skipped="0">
  <reporter-output>
  </reporter-output>
  <suite started-at="2023-07-28T23:03:41 EDT" name="Default suite" finished-at="2023-07-28T23:03:50 EDT" duration-ms="9493">
    <groups>
    </groups>
    <test started-at="2023-07-28T23:03:41 EDT" name="Default test" finished-at="2023-07-28T23:03:50 EDT" duration-ms="9493">
      <class name="Navigation">
        <test-method is-config="true" signature="openApplication()[pri:0, instance:Navigation@7cc0cdad]" started-at="2023-07-28T23:03:41 EDT" name="openApplication" finished-at="2023-07-28T23:03:48 EDT" duration-ms="7127" status="PASS">
          <reporter-output>
          </reporter-output>
        </test-method> <!-- openApplication -->
        <test-method signature="linkTest()[pri:0, instance:Navigation@7cc0cdad]" started-at="2023-07-28T23:03:48 EDT" name="linkTest" finished-at="2023-07-28T23:03:50 EDT" duration-ms="2306" status="PASS">
          <reporter-output>
          </reporter-output>
        </test-method> <!-- linkTest -->
      </class> <!-- Navigation -->
    </test> <!-- Default test -->
  </suite> <!-- Default suite -->
</testng-results>
