<?xml version="1.0" encoding="UTF-8"?>
<testng-results ignored="0" total="1" passed="1" failed="0" skipped="0">
  <reporter-output>
  </reporter-output>
  <suite started-at="2023-07-26T22:42:24 EDT" name="Default suite" finished-at="2023-07-26T22:42:30 EDT" duration-ms="6373">
    <groups>
    </groups>
    <test started-at="2023-07-26T22:42:24 EDT" name="Default test" finished-at="2023-07-26T22:42:30 EDT" duration-ms="6373">
      <class name="com.facebook_WebDriverInterface.GetTitleAndURL">
        <test-method is-config="true" signature="initializeApplication()[pri:0, instance:com.facebook_WebDriverInterface.GetTitleAndURL@5c6648b0]" started-at="2023-07-26T22:42:24 EDT" name="initializeApplication" finished-at="2023-07-26T22:42:30 EDT" duration-ms="6267" status="PASS">
          <reporter-output>
          </reporter-output>
        </test-method> <!-- initializeApplication -->
        <test-method signature="homePageTest()[pri:0, instance:com.facebook_WebDriverInterface.GetTitleAndURL@5c6648b0]" started-at="2023-07-26T22:42:30 EDT" name="homePageTest" finished-at="2023-07-26T22:42:30 EDT" duration-ms="49" status="PASS">
          <reporter-output>
          </reporter-output>
        </test-method> <!-- homePageTest -->
      </class> <!-- com.facebook_WebDriverInterface.GetTitleAndURL -->
    </test> <!-- Default test -->
  </suite> <!-- Default suite -->
</testng-results>
